d:\speedbot\software\calibration_algorithm\mulicamscalibration_mulialgorithm\mulicamscalibration_mulialgorithm\x64\release\vc143.pdb
d:\speedbot\software\calibration_algorithm\mulicamscalibration_mulialgorithm\mulicamscalibration_mulialgorithm\x64\release\threefrequencyunwrapping.obj
d:\speedbot\software\calibration_algorithm\mulicamscalibration_mulialgorithm\mulicamscalibration_mulialgorithm\x64\release\main.obj
d:\speedbot\software\calibration_algorithm\mulicamscalibration_mulialgorithm\mulicamscalibration_mulialgorithm\x64\release\common.obj
d:\speedbot\software\calibration_algorithm\mulicamscalibration_mulialgorithm\mulicamscalibration_mulialgorithm\x64\release\chararuco.obj
d:\speedbot\software\calibration_algorithm\mulicamscalibration_mulialgorithm\mulicamscalibration_mulialgorithm\x64\release\calibrationprojector.obj
d:\speedbot\software\calibration_algorithm\mulicamscalibration_mulialgorithm\mulicamscalibration_mulialgorithm\x64\release\calibrationbyscreen.obj
d:\speedbot\software\calibration_algorithm\mulicamscalibration_mulialgorithm\mulicamscalibration_mulialgorithm\x64\release\calibrationbycctag.obj
d:\speedbot\software\calibration_algorithm\mulicamscalibration_mulialgorithm\mulicamscalibration_mulialgorithm\x64\release\calibrationbyaruco.obj
d:\speedbot\software\calibration_algorithm\mulicamscalibration_mulialgorithm\mulicamscalibration_mulialgorithm\x64\release\calibrationbyapriltag.obj
d:\speedbot\software\calibration_algorithm\mulicamscalibration_mulialgorithm\x64\release\mulicamscalibration_mulialgorithm.exe
d:\speedbot\software\calibration_algorithm\mulicamscalibration_mulialgorithm\x64\release\mulicamscalibration_mulialgorithm.pdb
d:\speedbot\software\calibration_algorithm\mulicamscalibration_mulialgorithm\x64\release\ceres.dll
d:\speedbot\software\calibration_algorithm\mulicamscalibration_mulialgorithm\x64\release\glog.dll
d:\speedbot\software\calibration_algorithm\mulicamscalibration_mulialgorithm\x64\release\gflags.dll
d:\speedbot\software\calibration_algorithm\mulicamscalibration_mulialgorithm\x64\release\opencv_aruco.dll
d:\speedbot\software\calibration_algorithm\mulicamscalibration_mulialgorithm\x64\release\opencv_calib3d.dll
d:\speedbot\software\calibration_algorithm\mulicamscalibration_mulialgorithm\x64\release\opencv_features2d.dll
d:\speedbot\software\calibration_algorithm\mulicamscalibration_mulialgorithm\x64\release\opencv_flann.dll
d:\speedbot\software\calibration_algorithm\mulicamscalibration_mulialgorithm\x64\release\opencv_core.dll
d:\speedbot\software\calibration_algorithm\mulicamscalibration_mulialgorithm\x64\release\zlib1.dll
d:\speedbot\software\calibration_algorithm\mulicamscalibration_mulialgorithm\x64\release\opencv_imgproc.dll
d:\speedbot\software\calibration_algorithm\mulicamscalibration_mulialgorithm\x64\release\opencv_imgcodecs.dll
d:\speedbot\software\calibration_algorithm\mulicamscalibration_mulialgorithm\x64\release\jpeg62.dll
d:\speedbot\software\calibration_algorithm\mulicamscalibration_mulialgorithm\x64\release\webp.dll
d:\speedbot\software\calibration_algorithm\mulicamscalibration_mulialgorithm\x64\release\libpng16.dll
d:\speedbot\software\calibration_algorithm\mulicamscalibration_mulialgorithm\x64\release\tiff.dll
d:\speedbot\software\calibration_algorithm\mulicamscalibration_mulialgorithm\x64\release\liblzma.dll
d:\speedbot\software\calibration_algorithm\mulicamscalibration_mulialgorithm\x64\release\mulicamscalibration_mulialgorithm.lib
d:\speedbot\software\calibration_algorithm\mulicamscalibration_mulialgorithm\x64\release\mulicamscalibration_mulialgorithm.exp
d:\speedbot\software\calibration_algorithm\mulicamscalibration_mulialgorithm\mulicamscalibration_mulialgorithm\x64\release\mulicamscalibration_mulialgorithm.ipdb
d:\speedbot\software\calibration_algorithm\mulicamscalibration_mulialgorithm\mulicamscalibration_mulialgorithm\x64\release\mulicamscalibration_mulialgorithm.iobj
d:\speedbot\software\calibration_algorithm\mulicamscalibration_mulialgorithm\mulicamscalibration_mulialgorithm\x64\release\mulicams.a2cfc6bd.tlog\cl.command.1.tlog
d:\speedbot\software\calibration_algorithm\mulicamscalibration_mulialgorithm\mulicamscalibration_mulialgorithm\x64\release\mulicams.a2cfc6bd.tlog\cl.items.tlog
d:\speedbot\software\calibration_algorithm\mulicamscalibration_mulialgorithm\mulicamscalibration_mulialgorithm\x64\release\mulicams.a2cfc6bd.tlog\cl.read.1.tlog
d:\speedbot\software\calibration_algorithm\mulicamscalibration_mulialgorithm\mulicamscalibration_mulialgorithm\x64\release\mulicams.a2cfc6bd.tlog\cl.write.1.tlog
d:\speedbot\software\calibration_algorithm\mulicamscalibration_mulialgorithm\mulicamscalibration_mulialgorithm\x64\release\mulicams.a2cfc6bd.tlog\link.command.1.tlog
d:\speedbot\software\calibration_algorithm\mulicamscalibration_mulialgorithm\mulicamscalibration_mulialgorithm\x64\release\mulicams.a2cfc6bd.tlog\link.read.1.tlog
d:\speedbot\software\calibration_algorithm\mulicamscalibration_mulialgorithm\mulicamscalibration_mulialgorithm\x64\release\mulicams.a2cfc6bd.tlog\link.secondary.1.tlog
d:\speedbot\software\calibration_algorithm\mulicamscalibration_mulialgorithm\mulicamscalibration_mulialgorithm\x64\release\mulicams.a2cfc6bd.tlog\link.write.1.tlog
d:\speedbot\software\calibration_algorithm\mulicamscalibration_mulialgorithm\mulicamscalibration_mulialgorithm\x64\release\mulicams.a2cfc6bd.tlog\mulicamscalibration_mulialgorithm.write.1u.tlog
